 
****************************************
Report : area
Design : ram
Version: V-2023.12-SP5-2
Date   : Wed Feb 19 10:35:08 2025
****************************************

Information: Updating design information... (UID-85)
Warning: Design 'ram' contains 1 high-fanout nets. A fanout number of 1000 will be used for delay calculations involving these nets. (TIM-134)
Library(s) Used:

   
    saed32lvt_ff0p85v25c (File: /home/student/24MVD1034/RBL_DMR/saed32lvt_ff0p85v25c.db)

Number of ports:                           28
Number of nets:                         29299
Number of cells:                        28796
Number of combinational cells:          20596
Number of sequential cells:              8200
Number of macros/black boxes:               0
Number of buf/inv:                       5596
Number of references:                      47

Combinational area:              37990.266092
Buf/Inv area:                    10240.478766
Noncombinational area:           54183.502579
Macro/Black Box area:                0.000000
Net Interconnect area:           40794.982532

Total cell area:                93456.76867
Total area:                     10000.75120
1
